<?xml version="1.0" encoding="UTF-8"?>
<!-- Generated by org.testng.reporters.JUnitReportReporter -->
<testsuite hostname="DESKTOP-JCJ8HOK" failures="0" tests="1" name="testng.RadioButton1" time="19.057" errors="0" timestamp="13 Sep 2022 02:53:29 GMT" skipped="0">
  <testcase classname="testng.RadioButton1" name="radioButtonTest" time="19.057"/>
</testsuite> <!-- testng.RadioButton1 -->
