<?xml version="1.0" encoding="UTF-8"?>
<!-- Generated by org.testng.reporters.JUnitReportReporter -->
<testsuite hostname="DESKTOP-JCJ8HOK" failures="0" tests="1" name="testng.CheckBox1" time="11.561" errors="0" timestamp="09 Sep 2022 03:11:48 GMT" skipped="0">
  <testcase classname="testng.CheckBox1" name="checkboxTest" time="11.561"/>
</testsuite> <!-- testng.CheckBox1 -->
