<?xml version="1.0" encoding="UTF-8"?>
<!-- Generated by org.testng.reporters.JUnitReportReporter -->
<testsuite hostname="DESKTOP-JCJ8HOK" failures="0" tests="1" name="pom.POM_001" time="49.529" errors="0" timestamp="10 Oct 2022 03:33:57 GMT" skipped="0">
  <testcase classname="pom.POM_001" name="login" time="49.529"/>
</testsuite> <!-- pom.POM_001 -->
