<?xml version="1.0" encoding="UTF-8"?>
<!-- Generated by org.testng.reporters.JUnitReportReporter -->
<testsuite hostname="DESKTOP-JCJ8HOK" failures="0" tests="1" name="testng.RadioButton1" time="18.404" errors="0" timestamp="09 Sep 2022 03:11:48 GMT" skipped="0">
  <testcase classname="testng.RadioButton1" name="radioButtonTest" time="18.404"/>
</testsuite> <!-- testng.RadioButton1 -->
