<?xml version="1.0" encoding="UTF-8"?>
<!-- Generated by org.testng.reporters.JUnitReportReporter -->
<testsuite hostname="DESKTOP-JCJ8HOK" failures="0" tests="2" name="excelDataDriven.DataManagementFinalVersion" time="0.039" errors="0" timestamp="23 Sep 2022 03:31:19 GMT" skipped="1">
  <testcase classname="excelDataDriven.DataManagementFinalVersion" name="f" time="0.007">
    <skipped/>
  </testcase> <!-- f -->
  <testcase classname="excelDataDriven.DataManagementFinalVersion" name="f" time="0.032"/>
</testsuite> <!-- excelDataDriven.DataManagementFinalVersion -->
