<?xml version="1.0" encoding="UTF-8"?>
<!-- Generated by org.testng.reporters.JUnitReportReporter -->
<testsuite hostname="DESKTOP-JCJ8HOK" failures="0" tests="3" name="testng.TNG_002" time="0.030" errors="0" timestamp="08 Sep 2022 03:47:46 GMT" skipped="1">
  <testcase classname="testng.TNG_002" name="f" time="0.015"/>
  <testcase classname="testng.TNG_002" name="a" time="0.015"/>
  <testcase classname="testng.TNG_002" name="z">
    <skipped/>
  </testcase> <!-- z -->
</testsuite> <!-- testng.TNG_002 -->
