<?xml version="1.0" encoding="UTF-8"?>
<!-- Generated by org.testng.reporters.JUnitReportReporter -->
<testsuite hostname="DESKTOP-JCJ8HOK" failures="0" tests="1" name="testng.LinksTesting1" time="9.222" errors="0" timestamp="13 Sep 2022 02:53:30 GMT" skipped="0">
  <testcase classname="testng.LinksTesting1" name="linktesting1" time="9.222"/>
</testsuite> <!-- testng.LinksTesting1 -->
