<?xml version="1.0" encoding="UTF-8"?>
<!-- Generated by org.testng.reporters.JUnitReportReporter -->
<testsuite hostname="DESKTOP-JCJ8HOK" failures="0" tests="3" name="excelDataDriven.DataManagementwithHashTable" time="0.059" errors="0" timestamp="23 Sep 2022 03:19:46 GMT" skipped="0">
  <testcase classname="excelDataDriven.DataManagementwithHashTable" name="f" time="0.009"/>
  <testcase classname="excelDataDriven.DataManagementwithHashTable" name="f" time="0.020"/>
  <testcase classname="excelDataDriven.DataManagementwithHashTable" name="f" time="0.030"/>
</testsuite> <!-- excelDataDriven.DataManagementwithHashTable -->
