<?xml version="1.0" encoding="UTF-8"?>
<!-- Generated by org.testng.reporters.JUnitReportReporter -->
<testsuite hostname="DESKTOP-JCJ8HOK" failures="0" tests="6" name="testng.TestParallel" time="0.150" errors="0" timestamp="12 Sep 2022 03:17:01 GMT" skipped="0">
  <testcase classname="testng.TestParallel" name="test4" time="0.031"/>
  <testcase classname="testng.TestParallel" name="test2" time="0.033"/>
  <testcase classname="testng.TestParallel" name="test5" time="0.005"/>
  <testcase classname="testng.TestParallel" name="test1" time="0.033"/>
  <testcase classname="testng.TestParallel" name="test6" time="0.016"/>
  <testcase classname="testng.TestParallel" name="test3" time="0.032"/>
</testsuite> <!-- testng.TestParallel -->
