<?xml version="1.0" encoding="UTF-8"?>
<!-- Generated by org.testng.reporters.JUnitReportReporter -->
<testsuite hostname="DESKTOP-JCJ8HOK" failures="0" tests="1" name="testng.TNG_001" time="0.025" errors="0" timestamp="08 Sep 2022 03:47:46 GMT" skipped="0">
  <testcase classname="testng.TNG_001" name="f" time="0.025"/>
</testsuite> <!-- testng.TNG_001 -->
