<?xml version="1.0" encoding="UTF-8"?>
<!-- Generated by org.testng.reporters.JUnitReportReporter -->
<testsuite hostname="DESKTOP-JCJ8HOK" failures="0" tests="2" name="excelDataDriven.DataproviderTest" time="0.077" errors="0" timestamp="23 Sep 2022 02:45:54 GMT" skipped="0">
  <testcase classname="excelDataDriven.DataproviderTest" name="f" time="0.074"/>
  <testcase classname="excelDataDriven.DataproviderTest" name="f" time="0.003"/>
</testsuite> <!-- excelDataDriven.DataproviderTest -->
