<?xml version="1.0" encoding="UTF-8"?>
<!-- Generated by org.testng.reporters.JUnitReportReporter -->
<testsuite hostname="DESKTOP-JCJ8HOK" failures="0" tests="3" name="testng.TNG_003" time="0.027" errors="0" timestamp="08 Sep 2022 03:47:46 GMT" skipped="0">
  <testcase classname="testng.TNG_003" name="z" time="0.002"/>
  <testcase classname="testng.TNG_003" name="a" time="0.020"/>
  <testcase classname="testng.TNG_003" name="f" time="0.005"/>
</testsuite> <!-- testng.TNG_003 -->
