<?xml version="1.0" encoding="UTF-8"?>
<!-- Generated by org.testng.reporters.JUnitReportReporter -->
<testsuite hostname="DESKTOP-JCJ8HOK" failures="0" tests="2" name="excelDataDriven.DataManagementwithDataProvider" time="0.032" errors="0" timestamp="23 Sep 2022 02:57:24 GMT" skipped="0">
  <testcase classname="excelDataDriven.DataManagementwithDataProvider" name="f" time="0.025"/>
  <testcase classname="excelDataDriven.DataManagementwithDataProvider" name="f" time="0.007"/>
</testsuite> <!-- excelDataDriven.DataManagementwithDataProvider -->
