<?xml version="1.0" encoding="UTF-8"?>
<!-- Generated by org.testng.reporters.JUnitReportReporter -->
<testsuite hostname="DESKTOP-JCJ8HOK" failures="0" tests="3" name="testng.TNG_003" time="0.025" errors="0" timestamp="09 Sep 2022 02:39:37 GMT" skipped="0">
  <testcase classname="testng.TNG_003" name="f" time="0.005"/>
  <testcase classname="testng.TNG_003" name="a" time="0.004"/>
  <testcase classname="testng.TNG_003" name="z" time="0.016"/>
</testsuite> <!-- testng.TNG_003 -->
