<?xml version="1.0" encoding="UTF-8"?>
<!-- Generated by org.testng.reporters.JUnitReportReporter -->
<testsuite hostname="DESKTOP-JCJ8HOK" failures="0" tests="4" name="testng.TestDependency" time="0.040" errors="0" timestamp="13 Sep 2022 03:10:57 GMT" skipped="2">
  <testcase classname="testng.TestDependency" name="orange" time="0.029"/>
  <testcase classname="testng.TestDependency" name="white" time="0.004"/>
  <testcase classname="testng.TestDependency" name="blue" time="0.007">
    <skipped/>
  </testcase> <!-- blue -->
  <testcase classname="testng.TestDependency" name="green" time="0.000">
    <skipped/>
  </testcase> <!-- green -->
</testsuite> <!-- testng.TestDependency -->
