<?xml version="1.0" encoding="UTF-8"?>
<!-- Generated by org.testng.reporters.JUnitReportReporter -->
<testsuite hostname="DESKTOP-JCJ8HOK" failures="0" tests="1" name="testng.TNG_004" time="17.930" errors="0" timestamp="09 Sep 2022 03:11:48 GMT" skipped="0">
  <testcase classname="testng.TNG_004" name="amazon" time="17.930"/>
</testsuite> <!-- testng.TNG_004 -->
