<?xml version="1.0" encoding="UTF-8"?>
<!-- Generated by org.testng.reporters.JUnitReportReporter -->
<testsuite hostname="DESKTOP-JCJ8HOK" failures="0" tests="2" name="pom.POM_001" time="18.388" errors="0" timestamp="12 Oct 2022 03:41:11 GMT" skipped="1">
  <testcase classname="pom.POM_001" name="registration" time="18.388"/>
  <testcase classname="pom.POM_001" name="login">
    <skipped/>
  </testcase> <!-- login -->
</testsuite> <!-- pom.POM_001 -->
