<?xml version="1.0" encoding="UTF-8"?>
<!-- Generated by org.testng.reporters.JUnitReportReporter -->
<testsuite hostname="DESKTOP-JCJ8HOK" failures="0" tests="1" name="testng.TNG_004" time="21.993" errors="0" timestamp="13 Sep 2022 02:53:30 GMT" skipped="0">
  <testcase classname="testng.TNG_004" name="amazon" time="21.993"/>
</testsuite> <!-- testng.TNG_004 -->
