<?xml version="1.0" encoding="UTF-8"?>
<!-- Generated by org.testng.reporters.JUnitReportReporter -->
<testsuite skipped="0" hostname="DESKTOP-JCJ8HOK" name="testcases.PortifolioManagement" tests="1" failures="0" timestamp="26 Oct 2022 03:41:40 GMT" time="0.004" errors="0">
  <testcase name="createPortifolio" time="0.004" classname="testcases.PortifolioManagement"/>
</testsuite> <!-- testcases.PortifolioManagement -->
